This file contains any messages produced by compilers while
running configure, to aid debugging if configure makes a mistake.

It was created by lparse configure 0.1-0, which was
generated by GNU Autoconf 2.69.  Invocation command line was

  $ ./configure --no-create --no-recursion

## --------- ##
## Platform. ##
## --------- ##

hostname = defiant.eth.si
uname -m = x86_64
uname -r = 3.6.10-1-ARCH
uname -s = Linux
uname -v = #1 SMP PREEMPT Tue Dec 11 09:40:17 CET 2012

/usr/bin/uname -p = unknown
/bin/uname -X     = unknown

/bin/arch              = unknown
/usr/bin/arch -k       = unknown
/usr/convex/getsysinfo = unknown
/usr/bin/hostinfo      = unknown
/bin/machine           = unknown
/usr/bin/oslevel       = unknown
/bin/universe          = unknown

PATH: /usr/local/bin
PATH: /usr/bin
PATH: /bin
PATH: /usr/local/sbin
PATH: /usr/sbin
PATH: /sbin
PATH: /usr/bin/core_perl


## ----------- ##
## Core tests. ##
## ----------- ##

configure:2371: checking build system type
configure:2385: result: x86_64-unknown-linux-gnu
configure:2405: checking host system type
configure:2418: result: x86_64-unknown-linux-gnu
configure:2438: checking target system type
configure:2451: result: x86_64-unknown-linux-gnu
configure:2494: checking for a BSD-compatible install
configure:2562: result: /usr/bin/install -c
configure:2573: checking whether build environment is sane
configure:2628: result: yes
configure:2779: checking for a thread-safe mkdir -p
configure:2818: result: /usr/bin/mkdir -p
configure:2825: checking for gawk
configure:2841: found /usr/bin/gawk
configure:2852: result: gawk
configure:2863: checking whether make sets $(MAKE)
configure:2885: result: yes
configure:2983: checking for style of include used by make
configure:3011: result: GNU
configure:3082: checking for gcc
configure:3098: found /usr/bin/gcc
configure:3109: result: gcc
configure:3338: checking for C compiler version
configure:3347: gcc --version >&5
gcc (GCC) 4.7.2
Copyright (C) 2012 Free Software Foundation, Inc.
This is free software; see the source for copying conditions.  There is NO
warranty; not even for MERCHANTABILITY or FITNESS FOR A PARTICULAR PURPOSE.

configure:3358: $? = 0
configure:3347: gcc -v >&5
Using built-in specs.
COLLECT_GCC=gcc
COLLECT_LTO_WRAPPER=/usr/lib/gcc/x86_64-unknown-linux-gnu/4.7.2/lto-wrapper
Target: x86_64-unknown-linux-gnu
Configured with: /build/src/gcc-4.7.2/configure --prefix=/usr --libdir=/usr/lib --libexecdir=/usr/lib --mandir=/usr/share/man --infodir=/usr/share/info --with-bugurl=https://bugs.archlinux.org/ --enable-languages=c,c++,ada,fortran,go,lto,objc,obj-c++ --enable-shared --enable-threads=posix --with-system-zlib --enable-__cxa_atexit --disable-libunwind-exceptions --enable-clocale=gnu --disable-libstdcxx-pch --enable-libstdcxx-time --enable-gnu-unique-object --enable-linker-build-id --with-ppl --enable-cloog-backend=isl --disable-ppl-version-check --disable-cloog-version-check --enable-lto --enable-gold --enable-ld=default --enable-plugin --with-plugin-ld=ld.gold --with-linker-hash-style=gnu --disable-multilib --disable-libssp --disable-build-with-cxx --disable-build-poststage1-with-cxx --enable-checking=release
Thread model: posix
gcc version 4.7.2 (GCC) 
configure:3358: $? = 0
configure:3347: gcc -V >&5
gcc: error: unrecognized command line option '-V'
gcc: fatal error: no input files
compilation terminated.
configure:3358: $? = 1
configure:3347: gcc -qversion >&5
gcc: error: unrecognized command line option '-qversion'
gcc: fatal error: no input files
compilation terminated.
configure:3358: $? = 1
configure:3378: checking whether the C compiler works
configure:3400: gcc    conftest.c  >&5
configure:3404: $? = 0
configure:3452: result: yes
configure:3455: checking for C compiler default output file name
configure:3457: result: a.out
configure:3463: checking for suffix of executables
configure:3470: gcc -o conftest    conftest.c  >&5
configure:3474: $? = 0
configure:3496: result: 
configure:3518: checking whether we are cross compiling
configure:3526: gcc -o conftest    conftest.c  >&5
configure:3530: $? = 0
configure:3537: ./conftest
configure:3541: $? = 0
configure:3556: result: no
configure:3561: checking for suffix of object files
configure:3583: gcc -c   conftest.c >&5
configure:3587: $? = 0
configure:3608: result: o
configure:3612: checking whether we are using the GNU C compiler
configure:3631: gcc -c   conftest.c >&5
configure:3631: $? = 0
configure:3640: result: yes
configure:3649: checking whether gcc accepts -g
configure:3669: gcc -c -g  conftest.c >&5
configure:3669: $? = 0
configure:3710: result: yes
configure:3727: checking for gcc option to accept ISO C89
configure:3790: gcc  -c -g -O2  conftest.c >&5
configure:3790: $? = 0
configure:3803: result: none needed
configure:3825: checking dependency style of gcc
configure:3936: result: gcc3
configure:3952: checking whether gcc and cc understand -c and -o together
configure:3983: gcc -c conftest.c -o conftest2.o >&5
configure:3987: $? = 0
configure:3993: gcc -c conftest.c -o conftest2.o >&5
configure:3997: $? = 0
configure:4008: cc -c conftest.c >&5
configure:4012: $? = 0
configure:4020: cc -c conftest.c -o conftest2.o >&5
configure:4024: $? = 0
configure:4030: cc -c conftest.c -o conftest2.o >&5
configure:4034: $? = 0
configure:4052: result: yes
configure:4091: checking for pthread_create in -lpthread
configure:4116: gcc -o conftest -g -O2   conftest.c -lpthread   >&5
configure:4116: $? = 0
configure:4125: result: yes
configure:4140: checking for clock_gettime in -lrt
configure:4165: gcc -o conftest -g -O2   conftest.c -lrt  -lpthread  >&5
configure:4165: $? = 0
configure:4174: result: yes
configure:4195: checking how to run the C preprocessor
configure:4226: gcc -E  conftest.c
configure:4226: $? = 0
configure:4240: gcc -E  conftest.c
conftest.c:13:28: fatal error: ac_nonexistent.h: No such file or directory
compilation terminated.
configure:4240: $? = 1
configure: failed program was:
| /* confdefs.h */
| #define PACKAGE_NAME "lparse"
| #define PACKAGE_TARNAME "lparse"
| #define PACKAGE_VERSION "0.1-0"
| #define PACKAGE_STRING "lparse 0.1-0"
| #define PACKAGE_BUGREPORT "code@eth.si"
| #define PACKAGE_URL ""
| #define PACKAGE "lparse"
| #define VERSION "0.1-0"
| #define HAVE_LIBPTHREAD 1
| #define HAVE_LIBRT 1
| /* end confdefs.h.  */
| #include <ac_nonexistent.h>
configure:4265: result: gcc -E
configure:4285: gcc -E  conftest.c
configure:4285: $? = 0
configure:4299: gcc -E  conftest.c
conftest.c:13:28: fatal error: ac_nonexistent.h: No such file or directory
compilation terminated.
configure:4299: $? = 1
configure: failed program was:
| /* confdefs.h */
| #define PACKAGE_NAME "lparse"
| #define PACKAGE_TARNAME "lparse"
| #define PACKAGE_VERSION "0.1-0"
| #define PACKAGE_STRING "lparse 0.1-0"
| #define PACKAGE_BUGREPORT "code@eth.si"
| #define PACKAGE_URL ""
| #define PACKAGE "lparse"
| #define VERSION "0.1-0"
| #define HAVE_LIBPTHREAD 1
| #define HAVE_LIBRT 1
| /* end confdefs.h.  */
| #include <ac_nonexistent.h>
configure:4328: checking for grep that handles long lines and -e
configure:4386: result: /usr/bin/grep
configure:4391: checking for egrep
configure:4453: result: /usr/bin/grep -E
configure:4458: checking for ANSI C header files
configure:4478: gcc -c -g -O2  conftest.c >&5
configure:4478: $? = 0
configure:4551: gcc -o conftest -g -O2   conftest.c -lrt -lpthread  >&5
configure:4551: $? = 0
configure:4551: ./conftest
configure:4551: $? = 0
configure:4562: result: yes
configure:4575: checking for sys/types.h
configure:4575: gcc -c -g -O2  conftest.c >&5
configure:4575: $? = 0
configure:4575: result: yes
configure:4575: checking for sys/stat.h
configure:4575: gcc -c -g -O2  conftest.c >&5
configure:4575: $? = 0
configure:4575: result: yes
configure:4575: checking for stdlib.h
configure:4575: gcc -c -g -O2  conftest.c >&5
configure:4575: $? = 0
configure:4575: result: yes
configure:4575: checking for string.h
configure:4575: gcc -c -g -O2  conftest.c >&5
configure:4575: $? = 0
configure:4575: result: yes
configure:4575: checking for memory.h
configure:4575: gcc -c -g -O2  conftest.c >&5
configure:4575: $? = 0
configure:4575: result: yes
configure:4575: checking for strings.h
configure:4575: gcc -c -g -O2  conftest.c >&5
configure:4575: $? = 0
configure:4575: result: yes
configure:4575: checking for inttypes.h
configure:4575: gcc -c -g -O2  conftest.c >&5
configure:4575: $? = 0
configure:4575: result: yes
configure:4575: checking for stdint.h
configure:4575: gcc -c -g -O2  conftest.c >&5
configure:4575: $? = 0
configure:4575: result: yes
configure:4575: checking for unistd.h
configure:4575: gcc -c -g -O2  conftest.c >&5
configure:4575: $? = 0
configure:4575: result: yes
configure:4592: checking stdio.h usability
configure:4592: gcc -c -g -O2  conftest.c >&5
configure:4592: $? = 0
configure:4592: result: yes
configure:4592: checking stdio.h presence
configure:4592: gcc -E  conftest.c
configure:4592: $? = 0
configure:4592: result: yes
configure:4592: checking for stdio.h
configure:4592: result: yes
configure:4592: checking stdarg.h usability
configure:4592: gcc -c -g -O2  conftest.c >&5
configure:4592: $? = 0
configure:4592: result: yes
configure:4592: checking stdarg.h presence
configure:4592: gcc -E  conftest.c
configure:4592: $? = 0
configure:4592: result: yes
configure:4592: checking for stdarg.h
configure:4592: result: yes
configure:4592: checking pthread.h usability
configure:4592: gcc -c -g -O2  conftest.c >&5
configure:4592: $? = 0
configure:4592: result: yes
configure:4592: checking pthread.h presence
configure:4592: gcc -E  conftest.c
configure:4592: $? = 0
configure:4592: result: yes
configure:4592: checking for pthread.h
configure:4592: result: yes
configure:4592: checking for unistd.h
configure:4592: result: yes
configure:4592: checking errno.h usability
configure:4592: gcc -c -g -O2  conftest.c >&5
configure:4592: $? = 0
configure:4592: result: yes
configure:4592: checking errno.h presence
configure:4592: gcc -E  conftest.c
configure:4592: $? = 0
configure:4592: result: yes
configure:4592: checking for errno.h
configure:4592: result: yes
configure:4592: checking dirent.h usability
configure:4592: gcc -c -g -O2  conftest.c >&5
configure:4592: $? = 0
configure:4592: result: yes
configure:4592: checking dirent.h presence
configure:4592: gcc -E  conftest.c
configure:4592: $? = 0
configure:4592: result: yes
configure:4592: checking for dirent.h
configure:4592: result: yes
configure:4592: checking time.h usability
configure:4592: gcc -c -g -O2  conftest.c >&5
configure:4592: $? = 0
configure:4592: result: yes
configure:4592: checking time.h presence
configure:4592: gcc -E  conftest.c
configure:4592: $? = 0
configure:4592: result: yes
configure:4592: checking for time.h
configure:4592: result: yes
configure:4592: checking signal.h usability
configure:4592: gcc -c -g -O2  conftest.c >&5
configure:4592: $? = 0
configure:4592: result: yes
configure:4592: checking signal.h presence
configure:4592: gcc -E  conftest.c
configure:4592: $? = 0
configure:4592: result: yes
configure:4592: checking for signal.h
configure:4592: result: yes
configure:4592: checking sys/syscall.h usability
configure:4592: gcc -c -g -O2  conftest.c >&5
configure:4592: $? = 0
configure:4592: result: yes
configure:4592: checking sys/syscall.h presence
configure:4592: gcc -E  conftest.c
configure:4592: $? = 0
configure:4592: result: yes
configure:4592: checking for sys/syscall.h
configure:4592: result: yes
configure:4592: checking for string.h
configure:4592: result: yes
configure:4592: checking regex.h usability
configure:4592: gcc -c -g -O2  conftest.c >&5
configure:4592: $? = 0
configure:4592: result: yes
configure:4592: checking regex.h presence
configure:4592: gcc -E  conftest.c
configure:4592: $? = 0
configure:4592: result: yes
configure:4592: checking for regex.h
configure:4592: result: yes
configure:4606: checking for size_t
configure:4606: gcc -c -g -O2  conftest.c >&5
configure:4606: $? = 0
configure:4606: gcc -c -g -O2  conftest.c >&5
conftest.c: In function 'main':
conftest.c:70:21: error: expected expression before ')' token
configure:4606: $? = 1
configure: failed program was:
| /* confdefs.h */
| #define PACKAGE_NAME "lparse"
| #define PACKAGE_TARNAME "lparse"
| #define PACKAGE_VERSION "0.1-0"
| #define PACKAGE_STRING "lparse 0.1-0"
| #define PACKAGE_BUGREPORT "code@eth.si"
| #define PACKAGE_URL ""
| #define PACKAGE "lparse"
| #define VERSION "0.1-0"
| #define HAVE_LIBPTHREAD 1
| #define HAVE_LIBRT 1
| #define STDC_HEADERS 1
| #define HAVE_SYS_TYPES_H 1
| #define HAVE_SYS_STAT_H 1
| #define HAVE_STDLIB_H 1
| #define HAVE_STRING_H 1
| #define HAVE_MEMORY_H 1
| #define HAVE_STRINGS_H 1
| #define HAVE_INTTYPES_H 1
| #define HAVE_STDINT_H 1
| #define HAVE_UNISTD_H 1
| #define HAVE_STDIO_H 1
| #define HAVE_STDARG_H 1
| #define HAVE_PTHREAD_H 1
| #define HAVE_UNISTD_H 1
| #define HAVE_ERRNO_H 1
| #define HAVE_DIRENT_H 1
| #define HAVE_TIME_H 1
| #define HAVE_SIGNAL_H 1
| #define HAVE_SYS_SYSCALL_H 1
| #define HAVE_STRING_H 1
| #define HAVE_REGEX_H 1
| /* end confdefs.h.  */
| #include <stdio.h>
| #ifdef HAVE_SYS_TYPES_H
| # include <sys/types.h>
| #endif
| #ifdef HAVE_SYS_STAT_H
| # include <sys/stat.h>
| #endif
| #ifdef STDC_HEADERS
| # include <stdlib.h>
| # include <stddef.h>
| #else
| # ifdef HAVE_STDLIB_H
| #  include <stdlib.h>
| # endif
| #endif
| #ifdef HAVE_STRING_H
| # if !defined STDC_HEADERS && defined HAVE_MEMORY_H
| #  include <memory.h>
| # endif
| # include <string.h>
| #endif
| #ifdef HAVE_STRINGS_H
| # include <strings.h>
| #endif
| #ifdef HAVE_INTTYPES_H
| # include <inttypes.h>
| #endif
| #ifdef HAVE_STDINT_H
| # include <stdint.h>
| #endif
| #ifdef HAVE_UNISTD_H
| # include <unistd.h>
| #endif
| int
| main ()
| {
| if (sizeof ((size_t)))
| 	    return 0;
|   ;
|   return 0;
| }
configure:4606: result: yes
configure:4617: checking for int8_t
configure:4617: gcc -c -g -O2  conftest.c >&5
configure:4617: $? = 0
configure:4617: gcc -c -g -O2  conftest.c >&5
conftest.c: In function 'main':
conftest.c:71:12: error: size of array 'test_array' is negative
configure:4617: $? = 1
configure: failed program was:
| /* confdefs.h */
| #define PACKAGE_NAME "lparse"
| #define PACKAGE_TARNAME "lparse"
| #define PACKAGE_VERSION "0.1-0"
| #define PACKAGE_STRING "lparse 0.1-0"
| #define PACKAGE_BUGREPORT "code@eth.si"
| #define PACKAGE_URL ""
| #define PACKAGE "lparse"
| #define VERSION "0.1-0"
| #define HAVE_LIBPTHREAD 1
| #define HAVE_LIBRT 1
| #define STDC_HEADERS 1
| #define HAVE_SYS_TYPES_H 1
| #define HAVE_SYS_STAT_H 1
| #define HAVE_STDLIB_H 1
| #define HAVE_STRING_H 1
| #define HAVE_MEMORY_H 1
| #define HAVE_STRINGS_H 1
| #define HAVE_INTTYPES_H 1
| #define HAVE_STDINT_H 1
| #define HAVE_UNISTD_H 1
| #define HAVE_STDIO_H 1
| #define HAVE_STDARG_H 1
| #define HAVE_PTHREAD_H 1
| #define HAVE_UNISTD_H 1
| #define HAVE_ERRNO_H 1
| #define HAVE_DIRENT_H 1
| #define HAVE_TIME_H 1
| #define HAVE_SIGNAL_H 1
| #define HAVE_SYS_SYSCALL_H 1
| #define HAVE_STRING_H 1
| #define HAVE_REGEX_H 1
| /* end confdefs.h.  */
| #include <stdio.h>
| #ifdef HAVE_SYS_TYPES_H
| # include <sys/types.h>
| #endif
| #ifdef HAVE_SYS_STAT_H
| # include <sys/stat.h>
| #endif
| #ifdef STDC_HEADERS
| # include <stdlib.h>
| # include <stddef.h>
| #else
| # ifdef HAVE_STDLIB_H
| #  include <stdlib.h>
| # endif
| #endif
| #ifdef HAVE_STRING_H
| # if !defined STDC_HEADERS && defined HAVE_MEMORY_H
| #  include <memory.h>
| # endif
| # include <string.h>
| #endif
| #ifdef HAVE_STRINGS_H
| # include <strings.h>
| #endif
| #ifdef HAVE_INTTYPES_H
| # include <inttypes.h>
| #endif
| #ifdef HAVE_STDINT_H
| # include <stdint.h>
| #endif
| #ifdef HAVE_UNISTD_H
| # include <unistd.h>
| #endif
| 	        enum { N = 8 / 2 - 1 };
| int
| main ()
| {
| static int test_array [1 - 2 * !((int8_t) (((((int8_t) 1 << N) << N) - 1) * 2 + 1)
| 		 < (int8_t) (((((int8_t) 1 << N) << N) - 1) * 2 + 2))];
| test_array [0] = 0;
| return test_array [0];
| 
|   ;
|   return 0;
| }
configure:4617: result: yes
configure:4628: checking for int16_t
configure:4628: gcc -c -g -O2  conftest.c >&5
configure:4628: $? = 0
configure:4628: gcc -c -g -O2  conftest.c >&5
conftest.c: In function 'main':
conftest.c:71:12: error: size of array 'test_array' is negative
configure:4628: $? = 1
configure: failed program was:
| /* confdefs.h */
| #define PACKAGE_NAME "lparse"
| #define PACKAGE_TARNAME "lparse"
| #define PACKAGE_VERSION "0.1-0"
| #define PACKAGE_STRING "lparse 0.1-0"
| #define PACKAGE_BUGREPORT "code@eth.si"
| #define PACKAGE_URL ""
| #define PACKAGE "lparse"
| #define VERSION "0.1-0"
| #define HAVE_LIBPTHREAD 1
| #define HAVE_LIBRT 1
| #define STDC_HEADERS 1
| #define HAVE_SYS_TYPES_H 1
| #define HAVE_SYS_STAT_H 1
| #define HAVE_STDLIB_H 1
| #define HAVE_STRING_H 1
| #define HAVE_MEMORY_H 1
| #define HAVE_STRINGS_H 1
| #define HAVE_INTTYPES_H 1
| #define HAVE_STDINT_H 1
| #define HAVE_UNISTD_H 1
| #define HAVE_STDIO_H 1
| #define HAVE_STDARG_H 1
| #define HAVE_PTHREAD_H 1
| #define HAVE_UNISTD_H 1
| #define HAVE_ERRNO_H 1
| #define HAVE_DIRENT_H 1
| #define HAVE_TIME_H 1
| #define HAVE_SIGNAL_H 1
| #define HAVE_SYS_SYSCALL_H 1
| #define HAVE_STRING_H 1
| #define HAVE_REGEX_H 1
| /* end confdefs.h.  */
| #include <stdio.h>
| #ifdef HAVE_SYS_TYPES_H
| # include <sys/types.h>
| #endif
| #ifdef HAVE_SYS_STAT_H
| # include <sys/stat.h>
| #endif
| #ifdef STDC_HEADERS
| # include <stdlib.h>
| # include <stddef.h>
| #else
| # ifdef HAVE_STDLIB_H
| #  include <stdlib.h>
| # endif
| #endif
| #ifdef HAVE_STRING_H
| # if !defined STDC_HEADERS && defined HAVE_MEMORY_H
| #  include <memory.h>
| # endif
| # include <string.h>
| #endif
| #ifdef HAVE_STRINGS_H
| # include <strings.h>
| #endif
| #ifdef HAVE_INTTYPES_H
| # include <inttypes.h>
| #endif
| #ifdef HAVE_STDINT_H
| # include <stdint.h>
| #endif
| #ifdef HAVE_UNISTD_H
| # include <unistd.h>
| #endif
| 	        enum { N = 16 / 2 - 1 };
| int
| main ()
| {
| static int test_array [1 - 2 * !((int16_t) (((((int16_t) 1 << N) << N) - 1) * 2 + 1)
| 		 < (int16_t) (((((int16_t) 1 << N) << N) - 1) * 2 + 2))];
| test_array [0] = 0;
| return test_array [0];
| 
|   ;
|   return 0;
| }
configure:4628: result: yes
configure:4639: checking for int32_t
configure:4639: gcc -c -g -O2  conftest.c >&5
configure:4639: $? = 0
configure:4639: gcc -c -g -O2  conftest.c >&5
conftest.c: In function 'main':
conftest.c:72:53: warning: integer overflow in expression [-Woverflow]
conftest.c:71:12: error: size of array 'test_array' is negative
conftest.c:71:12: error: storage size of 'test_array' isn't constant
configure:4639: $? = 1
configure: failed program was:
| /* confdefs.h */
| #define PACKAGE_NAME "lparse"
| #define PACKAGE_TARNAME "lparse"
| #define PACKAGE_VERSION "0.1-0"
| #define PACKAGE_STRING "lparse 0.1-0"
| #define PACKAGE_BUGREPORT "code@eth.si"
| #define PACKAGE_URL ""
| #define PACKAGE "lparse"
| #define VERSION "0.1-0"
| #define HAVE_LIBPTHREAD 1
| #define HAVE_LIBRT 1
| #define STDC_HEADERS 1
| #define HAVE_SYS_TYPES_H 1
| #define HAVE_SYS_STAT_H 1
| #define HAVE_STDLIB_H 1
| #define HAVE_STRING_H 1
| #define HAVE_MEMORY_H 1
| #define HAVE_STRINGS_H 1
| #define HAVE_INTTYPES_H 1
| #define HAVE_STDINT_H 1
| #define HAVE_UNISTD_H 1
| #define HAVE_STDIO_H 1
| #define HAVE_STDARG_H 1
| #define HAVE_PTHREAD_H 1
| #define HAVE_UNISTD_H 1
| #define HAVE_ERRNO_H 1
| #define HAVE_DIRENT_H 1
| #define HAVE_TIME_H 1
| #define HAVE_SIGNAL_H 1
| #define HAVE_SYS_SYSCALL_H 1
| #define HAVE_STRING_H 1
| #define HAVE_REGEX_H 1
| /* end confdefs.h.  */
| #include <stdio.h>
| #ifdef HAVE_SYS_TYPES_H
| # include <sys/types.h>
| #endif
| #ifdef HAVE_SYS_STAT_H
| # include <sys/stat.h>
| #endif
| #ifdef STDC_HEADERS
| # include <stdlib.h>
| # include <stddef.h>
| #else
| # ifdef HAVE_STDLIB_H
| #  include <stdlib.h>
| # endif
| #endif
| #ifdef HAVE_STRING_H
| # if !defined STDC_HEADERS && defined HAVE_MEMORY_H
| #  include <memory.h>
| # endif
| # include <string.h>
| #endif
| #ifdef HAVE_STRINGS_H
| # include <strings.h>
| #endif
| #ifdef HAVE_INTTYPES_H
| # include <inttypes.h>
| #endif
| #ifdef HAVE_STDINT_H
| # include <stdint.h>
| #endif
| #ifdef HAVE_UNISTD_H
| # include <unistd.h>
| #endif
| 	        enum { N = 32 / 2 - 1 };
| int
| main ()
| {
| static int test_array [1 - 2 * !((int32_t) (((((int32_t) 1 << N) << N) - 1) * 2 + 1)
| 		 < (int32_t) (((((int32_t) 1 << N) << N) - 1) * 2 + 2))];
| test_array [0] = 0;
| return test_array [0];
| 
|   ;
|   return 0;
| }
configure:4639: result: yes
configure:4650: checking for int64_t
configure:4650: gcc -c -g -O2  conftest.c >&5
configure:4650: $? = 0
configure:4650: gcc -c -g -O2  conftest.c >&5
conftest.c: In function 'main':
conftest.c:72:53: warning: integer overflow in expression [-Woverflow]
conftest.c:71:12: error: size of array 'test_array' is negative
conftest.c:71:12: error: storage size of 'test_array' isn't constant
configure:4650: $? = 1
configure: failed program was:
| /* confdefs.h */
| #define PACKAGE_NAME "lparse"
| #define PACKAGE_TARNAME "lparse"
| #define PACKAGE_VERSION "0.1-0"
| #define PACKAGE_STRING "lparse 0.1-0"
| #define PACKAGE_BUGREPORT "code@eth.si"
| #define PACKAGE_URL ""
| #define PACKAGE "lparse"
| #define VERSION "0.1-0"
| #define HAVE_LIBPTHREAD 1
| #define HAVE_LIBRT 1
| #define STDC_HEADERS 1
| #define HAVE_SYS_TYPES_H 1
| #define HAVE_SYS_STAT_H 1
| #define HAVE_STDLIB_H 1
| #define HAVE_STRING_H 1
| #define HAVE_MEMORY_H 1
| #define HAVE_STRINGS_H 1
| #define HAVE_INTTYPES_H 1
| #define HAVE_STDINT_H 1
| #define HAVE_UNISTD_H 1
| #define HAVE_STDIO_H 1
| #define HAVE_STDARG_H 1
| #define HAVE_PTHREAD_H 1
| #define HAVE_UNISTD_H 1
| #define HAVE_ERRNO_H 1
| #define HAVE_DIRENT_H 1
| #define HAVE_TIME_H 1
| #define HAVE_SIGNAL_H 1
| #define HAVE_SYS_SYSCALL_H 1
| #define HAVE_STRING_H 1
| #define HAVE_REGEX_H 1
| /* end confdefs.h.  */
| #include <stdio.h>
| #ifdef HAVE_SYS_TYPES_H
| # include <sys/types.h>
| #endif
| #ifdef HAVE_SYS_STAT_H
| # include <sys/stat.h>
| #endif
| #ifdef STDC_HEADERS
| # include <stdlib.h>
| # include <stddef.h>
| #else
| # ifdef HAVE_STDLIB_H
| #  include <stdlib.h>
| # endif
| #endif
| #ifdef HAVE_STRING_H
| # if !defined STDC_HEADERS && defined HAVE_MEMORY_H
| #  include <memory.h>
| # endif
| # include <string.h>
| #endif
| #ifdef HAVE_STRINGS_H
| # include <strings.h>
| #endif
| #ifdef HAVE_INTTYPES_H
| # include <inttypes.h>
| #endif
| #ifdef HAVE_STDINT_H
| # include <stdint.h>
| #endif
| #ifdef HAVE_UNISTD_H
| # include <unistd.h>
| #endif
| 	        enum { N = 64 / 2 - 1 };
| int
| main ()
| {
| static int test_array [1 - 2 * !((int64_t) (((((int64_t) 1 << N) << N) - 1) * 2 + 1)
| 		 < (int64_t) (((((int64_t) 1 << N) << N) - 1) * 2 + 2))];
| test_array [0] = 0;
| return test_array [0];
| 
|   ;
|   return 0;
| }
configure:4650: result: yes
configure:4661: checking for uint8_t
configure:4661: gcc -c -g -O2  conftest.c >&5
configure:4661: $? = 0
configure:4661: result: yes
configure:4675: checking for uint16_t
configure:4675: gcc -c -g -O2  conftest.c >&5
configure:4675: $? = 0
configure:4675: result: yes
configure:4687: checking for uint32_t
configure:4687: gcc -c -g -O2  conftest.c >&5
configure:4687: $? = 0
configure:4687: result: yes
configure:4701: checking for uint64_t
configure:4701: gcc -c -g -O2  conftest.c >&5
configure:4701: $? = 0
configure:4701: result: yes
configure:4716: checking for unsigned long long int
configure:4753: gcc -o conftest -g -O2   conftest.c -lrt -lpthread  >&5
configure:4753: $? = 0
configure:4761: result: yes
configure:4770: checking for long long int
configure:4807: gcc -o conftest -g -O2   conftest.c -lrt -lpthread  >&5
configure:4807: $? = 0
configure:4837: gcc -o conftest -g -O2   conftest.c -lrt -lpthread  >&5
configure:4837: $? = 0
configure:4837: ./conftest
configure:4837: $? = 0
configure:4852: result: yes
configure:4860: checking return type of signal handlers
configure:4878: gcc -c -g -O2  conftest.c >&5
conftest.c: In function 'main':
conftest.c:42:1: error: void value not ignored as it ought to be
configure:4878: $? = 1
configure: failed program was:
| /* confdefs.h */
| #define PACKAGE_NAME "lparse"
| #define PACKAGE_TARNAME "lparse"
| #define PACKAGE_VERSION "0.1-0"
| #define PACKAGE_STRING "lparse 0.1-0"
| #define PACKAGE_BUGREPORT "code@eth.si"
| #define PACKAGE_URL ""
| #define PACKAGE "lparse"
| #define VERSION "0.1-0"
| #define HAVE_LIBPTHREAD 1
| #define HAVE_LIBRT 1
| #define STDC_HEADERS 1
| #define HAVE_SYS_TYPES_H 1
| #define HAVE_SYS_STAT_H 1
| #define HAVE_STDLIB_H 1
| #define HAVE_STRING_H 1
| #define HAVE_MEMORY_H 1
| #define HAVE_STRINGS_H 1
| #define HAVE_INTTYPES_H 1
| #define HAVE_STDINT_H 1
| #define HAVE_UNISTD_H 1
| #define HAVE_STDIO_H 1
| #define HAVE_STDARG_H 1
| #define HAVE_PTHREAD_H 1
| #define HAVE_UNISTD_H 1
| #define HAVE_ERRNO_H 1
| #define HAVE_DIRENT_H 1
| #define HAVE_TIME_H 1
| #define HAVE_SIGNAL_H 1
| #define HAVE_SYS_SYSCALL_H 1
| #define HAVE_STRING_H 1
| #define HAVE_REGEX_H 1
| #define HAVE_UNSIGNED_LONG_LONG_INT 1
| #define HAVE_LONG_LONG_INT 1
| /* end confdefs.h.  */
| #include <sys/types.h>
| #include <signal.h>
| 
| int
| main ()
| {
| return *(signal (0, 0)) (0) == 1;
|   ;
|   return 0;
| }
configure:4885: result: void
configure:4904: checking for pthread_create
configure:4904: gcc -o conftest -g -O2   conftest.c -lrt -lpthread  >&5
configure:4904: $? = 0
configure:4904: result: yes
configure:4904: checking for pthread_cancel
configure:4904: gcc -o conftest -g -O2   conftest.c -lrt -lpthread  >&5
configure:4904: $? = 0
configure:4904: result: yes
configure:4904: checking for pthread_join
configure:4904: gcc -o conftest -g -O2   conftest.c -lrt -lpthread  >&5
configure:4904: $? = 0
configure:4904: result: yes
configure:4904: checking for bzero
configure:4904: gcc -o conftest -g -O2   conftest.c -lrt -lpthread  >&5
conftest.c:63:6: warning: conflicting types for built-in function 'bzero' [enabled by default]
configure:4904: $? = 0
configure:4904: result: yes
configure:4904: checking for clock_gettime
configure:4904: gcc -o conftest -g -O2   conftest.c -lrt -lpthread  >&5
configure:4904: $? = 0
configure:4904: result: yes
configure:4904: checking for memcpy
configure:4904: gcc -o conftest -g -O2   conftest.c -lrt -lpthread  >&5
conftest.c:65:6: warning: conflicting types for built-in function 'memcpy' [enabled by default]
configure:4904: $? = 0
configure:4904: result: yes
configure:4904: checking for memmove
configure:4904: gcc -o conftest -g -O2   conftest.c -lrt -lpthread  >&5
conftest.c:66:6: warning: conflicting types for built-in function 'memmove' [enabled by default]
configure:4904: $? = 0
configure:4904: result: yes
configure:4904: checking for memset
configure:4904: gcc -o conftest -g -O2   conftest.c -lrt -lpthread  >&5
conftest.c:67:6: warning: conflicting types for built-in function 'memset' [enabled by default]
configure:4904: $? = 0
configure:4904: result: yes
configure:4904: checking for regcomp
configure:4904: gcc -o conftest -g -O2   conftest.c -lrt -lpthread  >&5
configure:4904: $? = 0
configure:4904: result: yes
configure:4904: checking for strerror
configure:4904: gcc -o conftest -g -O2   conftest.c -lrt -lpthread  >&5
configure:4904: $? = 0
configure:4904: result: yes
configure:4904: checking for usleep
configure:4904: gcc -o conftest -g -O2   conftest.c -lrt -lpthread  >&5
configure:4904: $? = 0
configure:4904: result: yes
configure:4904: checking for sleep
configure:4904: gcc -o conftest -g -O2   conftest.c -lrt -lpthread  >&5
configure:4904: $? = 0
configure:4904: result: yes
configure:4904: checking for syscall
configure:4904: gcc -o conftest -g -O2   conftest.c -lrt -lpthread  >&5
configure:4904: $? = 0
configure:4904: result: yes
configure:4904: checking for printf
configure:4904: gcc -o conftest -g -O2   conftest.c -lrt -lpthread  >&5
conftest.c:73:6: warning: conflicting types for built-in function 'printf' [enabled by default]
configure:4904: $? = 0
configure:4904: result: yes
configure:4904: checking for sprintf
configure:4904: gcc -o conftest -g -O2   conftest.c -lrt -lpthread  >&5
conftest.c:74:6: warning: conflicting types for built-in function 'sprintf' [enabled by default]
configure:4904: $? = 0
configure:4904: result: yes
configure:4904: checking for vsprintf
configure:4904: gcc -o conftest -g -O2   conftest.c -lrt -lpthread  >&5
conftest.c:75:6: warning: conflicting types for built-in function 'vsprintf' [enabled by default]
configure:4904: $? = 0
configure:4904: result: yes
configure:4904: checking for vprintf
configure:4904: gcc -o conftest -g -O2   conftest.c -lrt -lpthread  >&5
conftest.c:76:6: warning: conflicting types for built-in function 'vprintf' [enabled by default]
configure:4904: $? = 0
configure:4904: result: yes
configure:4904: checking for fflush
configure:4904: gcc -o conftest -g -O2   conftest.c -lrt -lpthread  >&5
configure:4904: $? = 0
configure:4904: result: yes
configure:4904: checking for daemon
configure:4904: gcc -o conftest -g -O2   conftest.c -lrt -lpthread  >&5
configure:4904: $? = 0
configure:4904: result: yes
configure:4904: checking for regcomp
configure:4904: result: yes
configure:4904: checking for regexec
configure:4904: gcc -o conftest -g -O2   conftest.c -lrt -lpthread  >&5
configure:4904: $? = 0
configure:4904: result: yes
configure:4904: checking for pthread_mutex_unlock
configure:4904: gcc -o conftest -g -O2   conftest.c -lrt -lpthread  >&5
configure:4904: $? = 0
configure:4904: result: yes
configure:4904: checking for pthread_mutex_lock
configure:4904: gcc -o conftest -g -O2   conftest.c -lrt -lpthread  >&5
configure:4904: $? = 0
configure:4904: result: yes
configure:4904: checking for signal
configure:4904: gcc -o conftest -g -O2   conftest.c -lrt -lpthread  >&5
configure:4904: $? = 0
configure:4904: result: yes
configure:4904: checking for readdir
configure:4904: gcc -o conftest -g -O2   conftest.c -lrt -lpthread  >&5
configure:4904: $? = 0
configure:4904: result: yes
configure:4904: checking for opendir
configure:4904: gcc -o conftest -g -O2   conftest.c -lrt -lpthread  >&5
configure:4904: $? = 0
configure:4904: result: yes
configure:4904: checking for fopen
configure:4904: gcc -o conftest -g -O2   conftest.c -lrt -lpthread  >&5
configure:4904: $? = 0
configure:4904: result: yes
configure:4904: checking for fclose
configure:4904: gcc -o conftest -g -O2   conftest.c -lrt -lpthread  >&5
configure:4904: $? = 0
configure:4904: result: yes
configure:5062: checking that generated files are newer than configure
configure:5068: result: done
configure:5091: creating ./config.status

## ---------------- ##
## Cache variables. ##
## ---------------- ##

ac_cv_build=x86_64-unknown-linux-gnu
ac_cv_c_compiler_gnu=yes
ac_cv_c_int16_t=yes
ac_cv_c_int32_t=yes
ac_cv_c_int64_t=yes
ac_cv_c_int8_t=yes
ac_cv_c_uint16_t=yes
ac_cv_c_uint32_t=yes
ac_cv_c_uint64_t=yes
ac_cv_c_uint8_t=yes
ac_cv_env_CC_set=
ac_cv_env_CC_value=
ac_cv_env_CFLAGS_set=
ac_cv_env_CFLAGS_value=
ac_cv_env_CPPFLAGS_set=
ac_cv_env_CPPFLAGS_value=
ac_cv_env_CPP_set=
ac_cv_env_CPP_value=
ac_cv_env_LDFLAGS_set=
ac_cv_env_LDFLAGS_value=
ac_cv_env_LIBS_set=
ac_cv_env_LIBS_value=
ac_cv_env_build_alias_set=
ac_cv_env_build_alias_value=
ac_cv_env_host_alias_set=
ac_cv_env_host_alias_value=
ac_cv_env_target_alias_set=
ac_cv_env_target_alias_value=
ac_cv_func_bzero=yes
ac_cv_func_clock_gettime=yes
ac_cv_func_daemon=yes
ac_cv_func_fclose=yes
ac_cv_func_fflush=yes
ac_cv_func_fopen=yes
ac_cv_func_memcpy=yes
ac_cv_func_memmove=yes
ac_cv_func_memset=yes
ac_cv_func_opendir=yes
ac_cv_func_printf=yes
ac_cv_func_pthread_cancel=yes
ac_cv_func_pthread_create=yes
ac_cv_func_pthread_join=yes
ac_cv_func_pthread_mutex_lock=yes
ac_cv_func_pthread_mutex_unlock=yes
ac_cv_func_readdir=yes
ac_cv_func_regcomp=yes
ac_cv_func_regexec=yes
ac_cv_func_signal=yes
ac_cv_func_sleep=yes
ac_cv_func_sprintf=yes
ac_cv_func_strerror=yes
ac_cv_func_syscall=yes
ac_cv_func_usleep=yes
ac_cv_func_vprintf=yes
ac_cv_func_vsprintf=yes
ac_cv_header_dirent_h=yes
ac_cv_header_errno_h=yes
ac_cv_header_inttypes_h=yes
ac_cv_header_memory_h=yes
ac_cv_header_pthread_h=yes
ac_cv_header_regex_h=yes
ac_cv_header_signal_h=yes
ac_cv_header_stdarg_h=yes
ac_cv_header_stdc=yes
ac_cv_header_stdint_h=yes
ac_cv_header_stdio_h=yes
ac_cv_header_stdlib_h=yes
ac_cv_header_string_h=yes
ac_cv_header_strings_h=yes
ac_cv_header_sys_stat_h=yes
ac_cv_header_sys_syscall_h=yes
ac_cv_header_sys_types_h=yes
ac_cv_header_time_h=yes
ac_cv_header_unistd_h=yes
ac_cv_host=x86_64-unknown-linux-gnu
ac_cv_lib_pthread_pthread_create=yes
ac_cv_lib_rt_clock_gettime=yes
ac_cv_objext=o
ac_cv_path_EGREP='/usr/bin/grep -E'
ac_cv_path_GREP=/usr/bin/grep
ac_cv_path_install='/usr/bin/install -c'
ac_cv_path_mkdir=/usr/bin/mkdir
ac_cv_prog_AWK=gawk
ac_cv_prog_CPP='gcc -E'
ac_cv_prog_ac_ct_CC=gcc
ac_cv_prog_cc_c89=
ac_cv_prog_cc_g=yes
ac_cv_prog_cc_gcc_c_o=yes
ac_cv_prog_make_make_set=yes
ac_cv_target=x86_64-unknown-linux-gnu
ac_cv_type_long_long_int=yes
ac_cv_type_signal=void
ac_cv_type_size_t=yes
ac_cv_type_unsigned_long_long_int=yes
am_cv_CC_dependencies_compiler_type=gcc3

## ----------------- ##
## Output variables. ##
## ----------------- ##

ACLOCAL='${SHELL} /home/reboot/workspace/linkgen/missing --run aclocal-1.12'
AMDEPBACKSLASH='\'
AMDEP_FALSE='#'
AMDEP_TRUE=''
AMTAR='$${TAR-tar}'
AUTOCONF='${SHELL} /home/reboot/workspace/linkgen/missing --run autoconf'
AUTOHEADER='${SHELL} /home/reboot/workspace/linkgen/missing --run autoheader'
AUTOMAKE='${SHELL} /home/reboot/workspace/linkgen/missing --run automake-1.12'
AWK='gawk'
CC='gcc'
CCDEPMODE='depmode=gcc3'
CFLAGS='-g -O2'
CPP='gcc -E'
CPPFLAGS=''
CYGPATH_W='echo'
DEFS='-DPACKAGE_NAME=\"lparse\" -DPACKAGE_TARNAME=\"lparse\" -DPACKAGE_VERSION=\"0.1-0\" -DPACKAGE_STRING=\"lparse\ 0.1-0\" -DPACKAGE_BUGREPORT=\"code@eth.si\" -DPACKAGE_URL=\"\" -DPACKAGE=\"lparse\" -DVERSION=\"0.1-0\" -DHAVE_LIBPTHREAD=1 -DHAVE_LIBRT=1 -DSTDC_HEADERS=1 -DHAVE_SYS_TYPES_H=1 -DHAVE_SYS_STAT_H=1 -DHAVE_STDLIB_H=1 -DHAVE_STRING_H=1 -DHAVE_MEMORY_H=1 -DHAVE_STRINGS_H=1 -DHAVE_INTTYPES_H=1 -DHAVE_STDINT_H=1 -DHAVE_UNISTD_H=1 -DHAVE_STDIO_H=1 -DHAVE_STDARG_H=1 -DHAVE_PTHREAD_H=1 -DHAVE_UNISTD_H=1 -DHAVE_ERRNO_H=1 -DHAVE_DIRENT_H=1 -DHAVE_TIME_H=1 -DHAVE_SIGNAL_H=1 -DHAVE_SYS_SYSCALL_H=1 -DHAVE_STRING_H=1 -DHAVE_REGEX_H=1 -DHAVE_UNSIGNED_LONG_LONG_INT=1 -DHAVE_LONG_LONG_INT=1 -DRETSIGTYPE=void -DHAVE_PTHREAD_CREATE=1 -DHAVE_PTHREAD_CANCEL=1 -DHAVE_PTHREAD_JOIN=1 -DHAVE_BZERO=1 -DHAVE_CLOCK_GETTIME=1 -DHAVE_MEMCPY=1 -DHAVE_MEMMOVE=1 -DHAVE_MEMSET=1 -DHAVE_REGCOMP=1 -DHAVE_STRERROR=1 -DHAVE_USLEEP=1 -DHAVE_SLEEP=1 -DHAVE_SYSCALL=1 -DHAVE_PRINTF=1 -DHAVE_SPRINTF=1 -DHAVE_VSPRINTF=1 -DHAVE_VPRINTF=1 -DHAVE_FFLUSH=1 -DHAVE_DAEMON=1 -DHAVE_REGCOMP=1 -DHAVE_REGEXEC=1 -DHAVE_PTHREAD_MUTEX_UNLOCK=1 -DHAVE_PTHREAD_MUTEX_LOCK=1 -DHAVE_SIGNAL=1 -DHAVE_READDIR=1 -DHAVE_OPENDIR=1 -DHAVE_FOPEN=1 -DHAVE_FCLOSE=1'
DEPDIR='.deps'
ECHO_C=''
ECHO_N='-n'
ECHO_T=''
EGREP='/usr/bin/grep -E'
EXEEXT=''
GREP='/usr/bin/grep'
INSTALL_DATA='${INSTALL} -m 644'
INSTALL_PROGRAM='${INSTALL}'
INSTALL_SCRIPT='${INSTALL}'
INSTALL_STRIP_PROGRAM='$(install_sh) -c -s'
LDFLAGS=''
LIBOBJS=''
LIBS='-lrt -lpthread '
LTLIBOBJS=''
MAKEINFO='${SHELL} /home/reboot/workspace/linkgen/missing --run makeinfo'
MKDIR_P='/usr/bin/mkdir -p'
OBJEXT='o'
PACKAGE='lparse'
PACKAGE_BUGREPORT='code@eth.si'
PACKAGE_NAME='lparse'
PACKAGE_STRING='lparse 0.1-0'
PACKAGE_TARNAME='lparse'
PACKAGE_URL=''
PACKAGE_VERSION='0.1-0'
PATH_SEPARATOR=':'
SET_MAKE=''
SHELL='/bin/sh'
STRIP=''
VERSION='0.1-0'
ac_ct_CC='gcc'
am__EXEEXT_FALSE=''
am__EXEEXT_TRUE='#'
am__fastdepCC_FALSE='#'
am__fastdepCC_TRUE=''
am__include='include'
am__isrc=''
am__leading_dot='.'
am__nodep='_no'
am__quote=''
am__tar='$${TAR-tar} chof - "$$tardir"'
am__untar='$${TAR-tar} xf -'
bindir='${exec_prefix}/bin'
build='x86_64-unknown-linux-gnu'
build_alias=''
build_cpu='x86_64'
build_os='linux-gnu'
build_vendor='unknown'
datadir='${datarootdir}'
datarootdir='${prefix}/share'
docdir='${datarootdir}/doc/${PACKAGE_TARNAME}'
dvidir='${docdir}'
exec_prefix='${prefix}'
host='x86_64-unknown-linux-gnu'
host_alias=''
host_cpu='x86_64'
host_os='linux-gnu'
host_vendor='unknown'
htmldir='${docdir}'
includedir='${prefix}/include'
infodir='${datarootdir}/info'
install_sh='${SHELL} /home/reboot/workspace/linkgen/install-sh'
libdir='${exec_prefix}/lib'
libexecdir='${exec_prefix}/libexec'
localedir='${datarootdir}/locale'
localstatedir='${prefix}/var'
mandir='${datarootdir}/man'
mkdir_p='$(MKDIR_P)'
oldincludedir='/usr/include'
pdfdir='${docdir}'
prefix='/usr/local'
program_transform_name='s,x,x,'
psdir='${docdir}'
sbindir='${exec_prefix}/sbin'
sharedstatedir='${prefix}/com'
sysconfdir='${prefix}/etc'
target='x86_64-unknown-linux-gnu'
target_alias=''
target_cpu='x86_64'
target_os='linux-gnu'
target_vendor='unknown'

## ----------- ##
## confdefs.h. ##
## ----------- ##

/* confdefs.h */
#define PACKAGE_NAME "lparse"
#define PACKAGE_TARNAME "lparse"
#define PACKAGE_VERSION "0.1-0"
#define PACKAGE_STRING "lparse 0.1-0"
#define PACKAGE_BUGREPORT "code@eth.si"
#define PACKAGE_URL ""
#define PACKAGE "lparse"
#define VERSION "0.1-0"
#define HAVE_LIBPTHREAD 1
#define HAVE_LIBRT 1
#define STDC_HEADERS 1
#define HAVE_SYS_TYPES_H 1
#define HAVE_SYS_STAT_H 1
#define HAVE_STDLIB_H 1
#define HAVE_STRING_H 1
#define HAVE_MEMORY_H 1
#define HAVE_STRINGS_H 1
#define HAVE_INTTYPES_H 1
#define HAVE_STDINT_H 1
#define HAVE_UNISTD_H 1
#define HAVE_STDIO_H 1
#define HAVE_STDARG_H 1
#define HAVE_PTHREAD_H 1
#define HAVE_UNISTD_H 1
#define HAVE_ERRNO_H 1
#define HAVE_DIRENT_H 1
#define HAVE_TIME_H 1
#define HAVE_SIGNAL_H 1
#define HAVE_SYS_SYSCALL_H 1
#define HAVE_STRING_H 1
#define HAVE_REGEX_H 1
#define HAVE_UNSIGNED_LONG_LONG_INT 1
#define HAVE_LONG_LONG_INT 1
#define RETSIGTYPE void
#define HAVE_PTHREAD_CREATE 1
#define HAVE_PTHREAD_CANCEL 1
#define HAVE_PTHREAD_JOIN 1
#define HAVE_BZERO 1
#define HAVE_CLOCK_GETTIME 1
#define HAVE_MEMCPY 1
#define HAVE_MEMMOVE 1
#define HAVE_MEMSET 1
#define HAVE_REGCOMP 1
#define HAVE_STRERROR 1
#define HAVE_USLEEP 1
#define HAVE_SLEEP 1
#define HAVE_SYSCALL 1
#define HAVE_PRINTF 1
#define HAVE_SPRINTF 1
#define HAVE_VSPRINTF 1
#define HAVE_VPRINTF 1
#define HAVE_FFLUSH 1
#define HAVE_DAEMON 1
#define HAVE_REGCOMP 1
#define HAVE_REGEXEC 1
#define HAVE_PTHREAD_MUTEX_UNLOCK 1
#define HAVE_PTHREAD_MUTEX_LOCK 1
#define HAVE_SIGNAL 1
#define HAVE_READDIR 1
#define HAVE_OPENDIR 1
#define HAVE_FOPEN 1
#define HAVE_FCLOSE 1

configure: exit 0

## ---------------------- ##
## Running config.status. ##
## ---------------------- ##

This file was extended by lparse config.status 0.1-0, which was
generated by GNU Autoconf 2.69.  Invocation command line was

  CONFIG_FILES    = 
  CONFIG_HEADERS  = 
  CONFIG_LINKS    = 
  CONFIG_COMMANDS = 
  $ ./config.status 

on defiant.eth.si

config.status:791: creating Makefile
config.status:791: creating src/Makefile
config.status:963: executing depfiles commands
